


ARM Macro Assembler    Page 1 


    1 00000000                 AREA             Reset,DATA,READONLY
    2 00000000 12345678        DCD              0X12345678
    3 00000004 00000000        DCD              Reset_Handler
    4 00000008                 AREA             CODE_SEGMET,CODE,READONLY
    5 00000000         Reset_Handler
                               proc
    6 00000000                 export           Reset_Handler    [weak]
    7 00000000 F04F 5000       MOV              R0,#0x20000000
    8 00000004 4C1A            LDR              R4,=ARRAY
    9 00000006 F04F 0805       MOV              R8,#5
   10 0000000A F04F 0100       MOV              R1,#0
   11 0000000E 4642            MOV              R2,R8
   12 00000010         COPY
   13 00000010 EA4F 0581       LSL              R5,R1,#2
   14 00000014 5966            LDR              R6,[R4,R5]
   15 00000016 5146            STR              R6,[R0,R5]
   16 00000018 F101 0101       ADD              R1,R1,#1
   17 0000001C 4291            CMP              R1,R2
   18 0000001E D1F7            BNE              COPY
   19 00000020         
   20 00000020         
   21 00000020 F04F 0100       MOV              R1,#0
   22 00000024 F1A8 0201       SUB              R2,R8,#1
   23 00000028         LOOPI
   24 00000028 F1A8 0301       SUB              R3,R8,#1
   25 0000002C         LOOPJ
   26 0000002C EA4F 0483       LSL              R4,R3,#2
   27 00000030 4404            ADD              R4,R0,R4
   28 00000032 6825            LDR              R5,[R4]
   29 00000034 F854 6C04       LDR              R6,[R4,#-4]
   30 00000038         
   31 00000038 42B5            CMP              R5,R6
   32 0000003A DC05            BGT              NOSWAP
   33 0000003C 462F            MOV              R7,R5
   34 0000003E 4635            MOV              R5,R6
   35 00000040 463E            MOV              R6,R7
   36 00000042 6025            STR              R5,[R4]
   37 00000044 F844 6C04       STR              R6,[R4,#-4]
   38 00000048         NOSWAP
   39 00000048 F1A3 0301       SUB              R3,R3,#1
   40 0000004C 1A5F            SUBS             R7,R3,R1
   41 0000004E DCED            BGT              LOOPJ
   42 00000050         
   43 00000050         
   44 00000050 1C49            ADDS             R1,R1,#1
   45 00000052 4291            CMP              R1,R2
   46 00000054 DBE8            BLT              LOOPI
   47 00000056         EXIT
   48 00000056 BF00            NOP
   49 00000058                 ENDP
   50 00000058 00000003 
              00000002 
              00000004 
              00000005 
              00000001 
              00000006 ARRAY   DCD              3,2,4,5,1,6
   51 00000070                 END
              00000000 
Command Line: --debug --xref --diag_suppress=9931 --cpu=Cortex-M4.fp --apcs=int



ARM Macro Assembler    Page 2 


erwork --depend=.\objects\asm.d -o.\objects\asm.o -IC:\Users\10175102111\Deskto
p\lab03\ex2\RTE -Id:\Keil_v5\ARM\PACK\Keil\STM32F4xx_DFP\2.9.0\Drivers\CMSIS\De
vice\ST\STM32F4xx\Include -Id:\Keil_v5\ARM\CMSIS\Include --predefine="__UVISION
_VERSION SETA 521" --predefine="STM32F429xx SETA 1" --list=.\listings\asm.lst U
SER\asm.s



ARM Macro Assembler    Page 1 Alphabetic symbol ordering
Relocatable symbols

Reset 00000000

Symbol: Reset
   Definitions
      At line 1 in file USER\asm.s
   Uses
      None
Comment: Reset unused
1 symbol



ARM Macro Assembler    Page 1 Alphabetic symbol ordering
Relocatable symbols

ARRAY 00000058

Symbol: ARRAY
   Definitions
      At line 50 in file USER\asm.s
   Uses
      At line 8 in file USER\asm.s
Comment: ARRAY used once
CODE_SEGMET 00000000

Symbol: CODE_SEGMET
   Definitions
      At line 4 in file USER\asm.s
   Uses
      None
Comment: CODE_SEGMET unused
COPY 00000010

Symbol: COPY
   Definitions
      At line 12 in file USER\asm.s
   Uses
      At line 18 in file USER\asm.s
Comment: COPY used once
EXIT 00000056

Symbol: EXIT
   Definitions
      At line 47 in file USER\asm.s
   Uses
      None
Comment: EXIT unused
LOOPI 00000028

Symbol: LOOPI
   Definitions
      At line 23 in file USER\asm.s
   Uses
      At line 46 in file USER\asm.s
Comment: LOOPI used once
LOOPJ 0000002C

Symbol: LOOPJ
   Definitions
      At line 25 in file USER\asm.s
   Uses
      At line 41 in file USER\asm.s
Comment: LOOPJ used once
NOSWAP 00000048

Symbol: NOSWAP
   Definitions
      At line 38 in file USER\asm.s
   Uses
      At line 32 in file USER\asm.s
Comment: NOSWAP used once
Reset_Handler 00000000

Symbol: Reset_Handler



ARM Macro Assembler    Page 2 Alphabetic symbol ordering
Relocatable symbols

   Definitions
      At line 5 in file USER\asm.s
   Uses
      At line 3 in file USER\asm.s
      At line 6 in file USER\asm.s

8 symbols
344 symbols in table
