


ARM Macro Assembler    Page 1 


    1 00000000                 AREA             Reset,DATA,READONLY
    2 00000000 12345678        DCD              0X12345678
    3 00000004 00000000        DCD              Reset_Handler
    4 00000008                 AREA             CODE_SEGMET,CODE,READONLY
    5 00000000         Reset_Handler
                               proc
    6 00000000                 export           Reset_Handler    [weak]
    7 00000000         ;MOV R0,#0xA     ;ç”¨ä¾‹1è¾“å…¥å€¼0xAï¼Œç»“æœ0x15
    8 00000000         ;MOV R0,#0xBA     ;ç”¨ä¾‹2è¾“å…¥å€¼0xABï¼Œç»“æœ0x174
    9 00000000         ;MOV R0,#0xCBA   ;ç”¨ä¾‹3è¾“å…¥å€¼0xABCï¼Œç»“æœ0x1974
   10 00000000 F247 6054       MOV              R0,#0x7654  ;ç”¨ä¾‹4è¾“å…¥å€¼0x
                                                            7654ï¼Œç»“æœ0xECA9
                                                            
   11 00000004 4601            MOV              R1,R0       ;R1å­˜å‚¨ç»“æœ
   12 00000006 F04F 0200       MOV              R2,#0       ;R2å­˜å‚¨1çš„ä¸ªæ•°
                                                            
   13 0000000A F04F 0300       MOV              R3,#0       ;R3ä½œä¸ºä¸´æ—¶å¯„å
                                                            ­˜å™¨ï¼Œæœ€å¤šåªèƒ
                                                            ½ä½¿ç”¨R0ã€R1ã€R2
                                                            ã€R3åŠxPSRå¯„å­˜å
                                                            ™¨
   14 0000000E         ;//---------------è¯·åœ¨ä»¥ä¸‹ç©ºç™½åŒºåŸŸå†…ç¼–å†™ä»£ç 
                       ------------//
   15 0000000E         
   16 0000000E         LOOPI
   17 0000000E F000 0301       AND              R3,R0,#1
   18 00000012 441A            ADD              R2,R2,R3
   19 00000014 0840            LSRS             R0,R0,#1
   20 00000016 DCFA            BGT              LOOPI
   21 00000018 F002 0301       AND              R3,R2,#1
   22 0000001C F083 0101       EOR              R1,R3,#1
   23 00000020         ;//---------------è¯·åœ¨ä»¥ä¸Šç©ºç™½åŒºåŸŸå†…ç¼–å†™ä»£ç 
                       ------------//
   24 00000020         ;æœ€ç»ˆç»“æœå­˜å…¥R1
   25 00000020 BF00            NOP                          ;è¯·ç›´æ¥è·³è½¬è‡³
                                                            æ­¤
   26 00000022                 ENDP
   27 00000022                 END
Command Line: --debug --xref --diag_suppress=9931 --cpu=Cortex-M4.fp --apcs=int
erwork --depend=.\objects\asm.d -o.\objects\asm.o -IC:\Users\10175102111\Deskto
p\ÊµÑé04\q_1\RTE -Id:\Keil_v5\ARM\PACK\TexasInstruments\MSP432P4xx_DFP\3.2.5\De
vice\Include -Id:\Keil_v5\ARM\CMSIS\Include --predefine="__UVISION_VERSION SETA
 521" --predefine="__MSP432P401R__ SETA 1" --list=.\listings\asm.lst asm.s



ARM Macro Assembler    Page 1 Alphabetic symbol ordering
Relocatable symbols

Reset 00000000

Symbol: Reset
   Definitions
      At line 1 in file asm.s
   Uses
      None
Comment: Reset unused
1 symbol



ARM Macro Assembler    Page 1 Alphabetic symbol ordering
Relocatable symbols

CODE_SEGMET 00000000

Symbol: CODE_SEGMET
   Definitions
      At line 4 in file asm.s
   Uses
      None
Comment: CODE_SEGMET unused
LOOPI 0000000E

Symbol: LOOPI
   Definitions
      At line 16 in file asm.s
   Uses
      At line 20 in file asm.s
Comment: LOOPI used once
Reset_Handler 00000000

Symbol: Reset_Handler
   Definitions
      At line 5 in file asm.s
   Uses
      At line 3 in file asm.s
      At line 6 in file asm.s

3 symbols
337 symbols in table
