


ARM Macro Assembler    Page 1 


    1 00000000                 AREA             Reset,DATA,READONLY ;?????Reset
                                                            
    2 00000000 12345678        DCD              0X12345678
    3 00000004 00000000        DCD              Reset_Handler
    4 00000008                 AREA             CODE_SEGMET,CODE,READONLY 
                                                            ;?????CODE_SEGMENT
    5 00000000                 ENTRY
    6 00000000         Reset_Handler
                               proc
    7 00000000                 export           Reset_Handler    [weak]
    8 00000000 F04F 0000       MOV              R0,#0       ;?????
    9 00000004 F04F 010A       MOV              R1,#10      ;
   10 00000008         start
   11 00000008 F011 0201       ANDS             R2,R1,#1
   12 0000000C D100            BNE              cont
   13 0000000E 1840            ADDS             R0,R0,R1
   14 00000010         cont
   15 00000010 1E49            SUBS             R1,R1,#1
   16 00000012         
   17 00000012 D1F9            BNE              start
   18 00000014 BF00            NOP
   19 00000016                 ENDP
   20 00000016                 END
Command Line: --debug --xref --diag_suppress=9931 --cpu=Cortex-M4.fp --apcs=int
erwork --depend=.\objects\asm.d -o.\objects\asm.o -I.\RTE\_Target_1 -IF:\Users\
17396\AppData\Local\Arm\Packs\TexasInstruments\MSP432P4xx_DFP\3.2.6\Device\Incl
ude -IF:\Keil_v5\ARM\CMSIS\Include --predefine="__EVAL SETA 1" --predefine="__U
VISION_VERSION SETA 528" --predefine="__MSP432P401R__ SETA 1" --list=.\listings
\asm.lst USER\asm.s



ARM Macro Assembler    Page 1 Alphabetic symbol ordering
Relocatable symbols

Reset 00000000

Symbol: Reset
   Definitions
      At line 1 in file USER\asm.s
   Uses
      None
Comment: Reset unused
1 symbol



ARM Macro Assembler    Page 1 Alphabetic symbol ordering
Relocatable symbols

CODE_SEGMET 00000000

Symbol: CODE_SEGMET
   Definitions
      At line 4 in file USER\asm.s
   Uses
      None
Comment: CODE_SEGMET unused
Reset_Handler 00000000

Symbol: Reset_Handler
   Definitions
      At line 6 in file USER\asm.s
   Uses
      At line 3 in file USER\asm.s
      At line 7 in file USER\asm.s

cont 00000010

Symbol: cont
   Definitions
      At line 14 in file USER\asm.s
   Uses
      At line 12 in file USER\asm.s
Comment: cont used once
start 00000008

Symbol: start
   Definitions
      At line 10 in file USER\asm.s
   Uses
      At line 17 in file USER\asm.s
Comment: start used once
4 symbols
339 symbols in table
