


ARM Macro Assembler    Page 1 


    1 00000000                 AREA             Reset,DATA,READONLY 
                                                            ;创建数据段Reset
    2 00000000 12345678        DCD              0X12345678
    3 00000004 00000000        DCD              Reset_Handler
    4 00000008                 AREA             CODE_SEGMET,CODE,READONLY ;创建
                                                            数据段CODE_SEGMENT
    5 00000000                 ENTRY
    6 00000000         Reset_Handler
                               proc
    7 00000000                 export           Reset_Handler    [weak]
    8 00000000 F04F 0000       MOV              R0,#0       ;存和的单元
    9 00000004 F04F 010A       MOV              R1,#10      ;
   10 00000008         start
   11 00000008 4408            ADD              R0,R0,R1
   12 0000000A 1E49            SUBS             R1,R1,#1
   13 0000000C D1FC            BNE              start
   14 0000000E BF00            NOP
   15 00000010                 ENDP
   16 00000010                 END
Command Line: --debug --xref --diag_suppress=9931 --cpu=Cortex-M4.fp --apcs=int
erwork --depend=.\objects\asm.d -o.\objects\asm.o -I.\RTE\_Target_1 -IC:\Keil_v
5\ARM\PACK\TexasInstruments\MSP432P4xx_DFP\3.2.5\Device\Include -IC:\Keil_v5\AR
M\CMSIS\Include --predefine="__UVISION_VERSION SETA 525" --predefine="__MSP432P
401R__ SETA 1" --list=.\listings\asm.lst USER\asm.s



ARM Macro Assembler    Page 1 Alphabetic symbol ordering
Relocatable symbols

Reset 00000000

Symbol: Reset
   Definitions
      At line 1 in file USER\asm.s
   Uses
      None
Comment: Reset unused
1 symbol



ARM Macro Assembler    Page 1 Alphabetic symbol ordering
Relocatable symbols

CODE_SEGMET 00000000

Symbol: CODE_SEGMET
   Definitions
      At line 4 in file USER\asm.s
   Uses
      None
Comment: CODE_SEGMET unused
Reset_Handler 00000000

Symbol: Reset_Handler
   Definitions
      At line 6 in file USER\asm.s
   Uses
      At line 3 in file USER\asm.s
      At line 7 in file USER\asm.s

start 00000008

Symbol: start
   Definitions
      At line 10 in file USER\asm.s
   Uses
      At line 13 in file USER\asm.s
Comment: start used once
3 symbols
337 symbols in table
