


ARM Macro Assembler    Page 1 


    1 00000000                 AREA             Reset,DATA,READONLY
    2 00000000 12345678        DCD              0X12345678
    3 00000004 00000000        DCD              Reset_Handler
    4 00000008                 AREA             CODE_SEGMET,CODE,READONLY
    5 00000000         Reset_Handler
                               proc
    6 00000000                 export           Reset_Handler    [weak]
    7 00000000 F04F 04AB       MOV              R4,#0xab    ;
    8 00000004 4E4D            LDR              R6,=ARRAY
    9 00000006 F04F 0003       MOV              R0,#3
   10 0000000A F04F 5100       MOV              R1,#0x20000000
   11 0000000E         LOOPJ
   12 0000000E F04F 0200       MOV              R2,#0
   13 00000012 6837            LDR              R7,[R6]
   14 00000014 F106 0604       ADD              R6,R6,#4
   15 00000018         LOOPI
   16 00000018 6835            LDR              R5,[R6]
   17 0000001A F106 0604       ADD              R6,R6,#4
   18 0000001E F1A5 0501       SUB              R5,R5,#1
   19 00000022 F04F 0801       MOV              R8,#1
   20 00000026 FA08 F805       LSL              R8,R8,R5
   21 0000002A EA18 0804       ANDS             R8,R8,R4
   22 0000002E BFC8 F082 
              0201             EORGT            R2,R2,#1
   23 00000034 1E7F            SUBS             R7,R7,#1
   24 00000036 DCEF            BGT              LOOPI
   25 00000038         
   26 00000038 F841 2020       STR              R2,[R1,R0,LSL #2]
   27 0000003C 1E40            SUBS             R0,R0,#1
   28 0000003E DAE6            BGE              LOOPJ
   29 00000040         
   30 00000040 F04F 0101       MOV              R1,#1
   31 00000044 F04F 0203       MOV              R2,#3
   32 00000048 FA01 F202       LSL              R2,R1,R2
   33 0000004C         
   34 0000004C EA84 0402       EOR              R4,R4,R2
   35 00000050         ; change the 3rd bit of R4
   36 00000050         
   37 00000050 4E3A            LDR              R6,=ARRAY
   38 00000052 F04F 0003       MOV              R0,#3
   39 00000056 F04F 0300       MOV              R3,#0
   40 0000005A F04F 5100       MOV              R1,#0X20000000
   41 0000005E         LOOPK
   42 0000005E F04F 0200       MOV              R2,#0
   43 00000062 6837            LDR              R7,[R6]
   44 00000064 F106 0604       ADD              R6,R6,#4
   45 00000068         LOOPL
   46 00000068 6835            LDR              R5,[R6]
   47 0000006A F106 0604       ADD              R6,R6,#4
   48 0000006E F1A5 0501       SUB              R5,R5,#1
   49 00000072 F04F 0801       MOV              R8,#1
   50 00000076 FA08 F805       LSL              R8,R8,R5
   51 0000007A EA18 0804       ANDS             R8,R8,R4
   52 0000007E BFC8 F082 
              0201             EORGT            R2,R2,#1
   53 00000084 1E7F            SUBS             R7,R7,#1
   54 00000086 DCEF            BGT              LOOPL
   55 00000088         
   56 00000088 F851 5020       LDR              R5,[R1,R0,LSL #2]



ARM Macro Assembler    Page 2 


   57 0000008C EA85 0702       EOR              R7,R5,R2
   58 00000090 F04F 0503       MOV              R5,#3
   59 00000094 EBA5 0500       SUB              R5,R5,R0
   60 00000098 F04F 0801       MOV              R8,#1
   61 0000009C FA08 F805       LSL              R8,R8,R5
   62 000000A0 2F00            CMP              R7,#0
   63 000000A2 BF18 EA83 
              0308             EORNE            R3,R3,R8
   64 000000A8 1E40            SUBS             R0,R0,#1
   65 000000AA DAD8            BGE              LOOPK
   66 000000AC         
   67 000000AC F04F 0000       MOV              R0,#0
   68 000000B0 4923            LDR              R1,=FIX
   69 000000B2         LOOP
   70 000000B2 680A            LDR              R2,[R1]
   71 000000B4 F101 0104       ADD              R1,R1,#4
   72 000000B8 4293            CMP              R3,R2
   73 000000BA 4605            MOV              R5,R0
   74 000000BC D003            BEQ              QUIT
   75 000000BE 2808            CMP              R0,#8
   76 000000C0 F100 0001       ADD              R0,R0,#1
   77 000000C4 DDF5            BLE              LOOP
   78 000000C6         QUIT
   79 000000C6         
   80 000000C6 BF00            NOP                          ;è¯·ç›´æŽ¥è·³è½¬è‡³
                                                            æ­¤
   81 000000C8                 ENDP
   82 000000C8 00000005 
              00000007 
              00000005 
              00000004 
              00000002 
              00000001 
              00000005 
              00000007 
              00000006 
              00000004 
              00000003 
              00000001 
              00000004 
              00000008 
              00000004 
              00000003 
              00000002 
              00000004 
              00000008 
              00000007 
              00000006 
              00000005 ARRAY   DCD              5,7,5,4,2,1,5,7,6,4,3,1,4,8,4,3
,2,4,8,7,6,5
   83 00000120 00000003 
              00000005 
              00000006 
              00000007 
              0000000A 
              0000000B 
              0000000C FIX     DCD              3,5,6,7,10,11,12
   84 0000013C                 END
              00000000 



ARM Macro Assembler    Page 3 


              00000000 
              00000000 
Command Line: --debug --xref --diag_suppress=9931 --cpu=Cortex-M4.fp --apcs=int
erwork --depend=.\objects\asm.d -o.\objects\asm.o -IC:\Users\10175102111\Deskto
p\ÊµÑé04\q_2\RTE -Id:\Keil_v5\ARM\PACK\TexasInstruments\MSP432P4xx_DFP\3.2.5\De
vice\Include -Id:\Keil_v5\ARM\CMSIS\Include --predefine="__UVISION_VERSION SETA
 521" --predefine="__MSP432P401R__ SETA 1" --list=.\listings\asm.lst asm.s



ARM Macro Assembler    Page 1 Alphabetic symbol ordering
Relocatable symbols

Reset 00000000

Symbol: Reset
   Definitions
      At line 1 in file asm.s
   Uses
      None
Comment: Reset unused
1 symbol



ARM Macro Assembler    Page 1 Alphabetic symbol ordering
Relocatable symbols

ARRAY 000000C8

Symbol: ARRAY
   Definitions
      At line 82 in file asm.s
   Uses
      At line 8 in file asm.s
      At line 37 in file asm.s

CODE_SEGMET 00000000

Symbol: CODE_SEGMET
   Definitions
      At line 4 in file asm.s
   Uses
      None
Comment: CODE_SEGMET unused
FIX 00000120

Symbol: FIX
   Definitions
      At line 83 in file asm.s
   Uses
      At line 68 in file asm.s
Comment: FIX used once
LOOP 000000B2

Symbol: LOOP
   Definitions
      At line 69 in file asm.s
   Uses
      At line 77 in file asm.s
Comment: LOOP used once
LOOPI 00000018

Symbol: LOOPI
   Definitions
      At line 15 in file asm.s
   Uses
      At line 24 in file asm.s
Comment: LOOPI used once
LOOPJ 0000000E

Symbol: LOOPJ
   Definitions
      At line 11 in file asm.s
   Uses
      At line 28 in file asm.s
Comment: LOOPJ used once
LOOPK 0000005E

Symbol: LOOPK
   Definitions
      At line 41 in file asm.s
   Uses
      At line 65 in file asm.s
Comment: LOOPK used once
LOOPL 00000068




ARM Macro Assembler    Page 2 Alphabetic symbol ordering
Relocatable symbols

Symbol: LOOPL
   Definitions
      At line 45 in file asm.s
   Uses
      At line 54 in file asm.s
Comment: LOOPL used once
QUIT 000000C6

Symbol: QUIT
   Definitions
      At line 78 in file asm.s
   Uses
      At line 74 in file asm.s
Comment: QUIT used once
Reset_Handler 00000000

Symbol: Reset_Handler
   Definitions
      At line 5 in file asm.s
   Uses
      At line 3 in file asm.s
      At line 6 in file asm.s

10 symbols
346 symbols in table
